INFO: Running with entropic power schedule (0xFF, 100).
INFO: Seed: 657554528
INFO: Loaded 1 modules   (14 inline 8-bit counters): 14 [0x55564e807410, 0x55564e80741e), 
INFO: Loaded 1 PC tables (14 PCs): 14 [0x55564e807420,0x55564e807500), 
MERGE-OUTER: 6 files, 0 in the initial corpus, 0 processed earlier
MERGE-OUTER: attempt 1
INFO: Running with entropic power schedule (0xFF, 100).
INFO: Seed: 657561444
INFO: Loaded 1 modules   (14 inline 8-bit counters): 14 [0x55ad51c87410, 0x55ad51c8741e), 
INFO: Loaded 1 PC tables (14 PCs): 14 [0x55ad51c87420,0x55ad51c87500), 
INFO: -max_len is not provided; libFuzzer will not generate inputs larger than 1048576 bytes
MERGE-INNER: using the control file '/tmp/libFuzzerTemp.Merge85.txt'
MERGE-INNER: 6 total files; 0 processed earlier; will process 6 files now
#1	pulse  cov: 2 ft: 2 exec/s: 0 rss: 27Mb
#2	pulse  cov: 4 ft: 4 exec/s: 0 rss: 27Mb
#4	pulse  cov: 5 ft: 5 exec/s: 0 rss: 27Mb
#6	DONE   cov: 6 ft: 6 exec/s: 0 rss: 27Mb
MERGE-OUTER: successful in 1 attempt(s)
MERGE-OUTER: the control file has 706 bytes
MERGE-OUTER: consumed 0Mb (29Mb rss) to parse the control file
MERGE-OUTER: 4 new files with 6 new features added; 6 new coverage edges
