INFO: Running with entropic power schedule (0xFF, 100).
INFO: Seed: 657561296
INFO: Loaded 1 modules   (14 inline 8-bit counters): 14 [0x556442cc3410, 0x556442cc341e), 
INFO: Loaded 1 PC tables (14 PCs): 14 [0x556442cc3420,0x556442cc3500), 
MERGE-OUTER: 8 files, 0 in the initial corpus, 0 processed earlier
MERGE-OUTER: attempt 1
INFO: Running with entropic power schedule (0xFF, 100).
INFO: Seed: 657568735
INFO: Loaded 1 modules   (14 inline 8-bit counters): 14 [0x55f1d9245410, 0x55f1d924541e), 
INFO: Loaded 1 PC tables (14 PCs): 14 [0x55f1d9245420,0x55f1d9245500), 
INFO: -max_len is not provided; libFuzzer will not generate inputs larger than 1048576 bytes
MERGE-INNER: using the control file '/tmp/libFuzzerTemp.Merge96.txt'
MERGE-INNER: 8 total files; 0 processed earlier; will process 8 files now
#1	pulse  cov: 2 ft: 2 exec/s: 0 rss: 29Mb
#2	pulse  cov: 2 ft: 2 exec/s: 0 rss: 29Mb
#4	pulse  cov: 3 ft: 3 exec/s: 0 rss: 29Mb
#8	pulse  cov: 6 ft: 6 exec/s: 0 rss: 29Mb
#8	DONE   cov: 6 ft: 6 exec/s: 0 rss: 29Mb
MERGE-OUTER: successful in 1 attempt(s)
MERGE-OUTER: the control file has 922 bytes
MERGE-OUTER: consumed 0Mb (27Mb rss) to parse the control file
MERGE-OUTER: 4 new files with 6 new features added; 6 new coverage edges
